# JRE version: OpenJDK Runtime Environment (21.0.6) (build 21.0.6+-13391695-b895.109)
# Java VM: OpenJDK 64-Bit Server VM (21.0.6+-13391695-b895.109, mixed mode, tiered, compressed oops, compressed class ptrs, g1 gc, windows-amd64)
GC Precious Log:
 CardTable entry size: 512
 Card Set container configuration: InlinePtr #cards 4 size 8 Array Of Cards #cards 32 size 80 Howl #buckets 8 coarsen threshold 7372 Howl Bitmap #cards 1024 size 144 coarsen threshold 921 Card regions per heap region 1 cards per card region 8192
 CPUs: 8 total, 8 available
 Memory: 12199M
 Large Page Support: Disabled
 NUMA Support: Disabled
 Compressed Oops: Enabled (Zero based)
 Heap Region Size: 4M
 Heap Min Capacity: 8M
 Heap Initial Capacity: 192M
 Heap Max Capacity: 8G
 Pre-touch: Disabled
 Parallel Workers: 8
 Concurrent Workers: 2
 Concurrent Refinement Workers: 8
 Periodic GC: Disabled
Heap:
 garbage-first heap   total 1118208K, used 521609K [0x0000000600000000, 0x0000000800000000)
  region size 4096K, 2 young (8192K), 2 survivors (8192K)
 Metaspace       used 152493K, committed 155200K, reserved 1245184K
  class space    used 20353K, committed 21632K, reserved 1048576K
GC Heap History (20 events):
Event: 397.877 GC heap after
{Heap after GC invocations=81 (full 0):
 garbage-first heap   total 483328K, used 294309K [0x0000000600000000, 0x0000000800000000)
  region size 4096K, 6 young (24576K), 6 survivors (24576K)
 Metaspace       used 144211K, committed 147008K, reserved 1179648K
  class space    used 19277K, committed 20608K, reserved 1048576K
}
Event: 400.727 GC heap before
{Heap before GC invocations=82 (full 0):
 garbage-first heap   total 491520K, used 413093K [0x0000000600000000, 0x0000000800000000)
  region size 4096K, 36 young (147456K), 6 survivors (24576K)
 Metaspace       used 144263K, committed 147008K, reserved 1179648K
  class space    used 19281K, committed 20608K, reserved 1048576K
}
Event: 400.766 GC heap after
{Heap after GC invocations=83 (full 0):
 garbage-first heap   total 491520K, used 320044K [0x0000000600000000, 0x0000000800000000)
  region size 4096K, 5 young (20480K), 5 survivors (20480K)
 Metaspace       used 144263K, committed 147008K, reserved 1179648K
  class space    used 19281K, committed 20608K, reserved 1048576K
}
Event: 400.802 GC heap before
{Heap before GC invocations=83 (full 0):
 garbage-first heap   total 491520K, used 324140K [0x0000000600000000, 0x0000000800000000)
  region size 4096K, 6 young (24576K), 5 survivors (20480K)
 Metaspace       used 144267K, committed 147008K, reserved 1179648K
  class space    used 19281K, committed 20608K, reserved 1048576K
}
Event: 400.818 GC heap after
{Heap after GC invocations=84 (full 0):
 garbage-first heap   total 491520K, used 324143K [0x0000000600000000, 0x0000000800000000)
  region size 4096K, 1 young (4096K), 1 survivors (4096K)
 Metaspace       used 144267K, committed 147008K, reserved 1179648K
  class space    used 19281K, committed 20608K, reserved 1048576K
}
Event: 404.892 GC heap before
{Heap before GC invocations=84 (full 0):
 garbage-first heap   total 491520K, used 397871K [0x0000000600000000, 0x0000000800000000)
  region size 4096K, 20 young (81920K), 1 survivors (4096K)
 Metaspace       used 146806K, committed 149504K, reserved 1179648K
  class space    used 19660K, committed 20928K, reserved 1048576K
}
Event: 404.924 GC heap after
{Heap after GC invocations=85 (full 0):
 garbage-first heap   total 1118208K, used 332307K [0x0000000600000000, 0x0000000800000000)
  region size 4096K, 3 young (12288K), 3 survivors (12288K)
 Metaspace       used 146806K, committed 149504K, reserved 1179648K
  class space    used 19660K, committed 20928K, reserved 1048576K
}
Event: 408.356 GC heap before
{Heap before GC invocations=85 (full 0):
 garbage-first heap   total 1118208K, used 397843K [0x0000000600000000, 0x0000000800000000)
  region size 4096K, 20 young (81920K), 3 survivors (12288K)
 Metaspace       used 149197K, committed 151936K, reserved 1179648K
  class space    used 19964K, committed 21248K, reserved 1048576K
}
Event: 409.057 GC heap after
{Heap after GC invocations=86 (full 0):
 garbage-first heap   total 1118208K, used 340439K [0x0000000600000000, 0x0000000800000000)
  region size 4096K, 3 young (12288K), 3 survivors (12288K)
 Metaspace       used 149197K, committed 151936K, reserved 1179648K
  class space    used 19964K, committed 21248K, reserved 1048576K
}
Event: 411.225 GC heap before
{Heap before GC invocations=86 (full 0):
 garbage-first heap   total 1118208K, used 668119K [0x0000000600000000, 0x0000000800000000)
  region size 4096K, 84 young (344064K), 3 survivors (12288K)
 Metaspace       used 149275K, committed 152000K, reserved 1179648K
  class space    used 19969K, committed 21248K, reserved 1048576K
}
Event: 411.853 GC heap after
{Heap after GC invocations=87 (full 0):
 garbage-first heap   total 1118208K, used 414127K [0x0000000600000000, 0x0000000800000000)
  region size 4096K, 11 young (45056K), 11 survivors (45056K)
 Metaspace       used 149275K, committed 152000K, reserved 1179648K
  class space    used 19969K, committed 21248K, reserved 1048576K
}
Event: 411.960 GC heap before
{Heap before GC invocations=87 (full 0):
 garbage-first heap   total 1118208K, used 430511K [0x0000000600000000, 0x0000000800000000)
  region size 4096K, 15 young (61440K), 11 survivors (45056K)
 Metaspace       used 149277K, committed 152000K, reserved 1179648K
  class space    used 19969K, committed 21248K, reserved 1048576K
}
Event: 412.075 GC heap after
{Heap after GC invocations=88 (full 0):
 garbage-first heap   total 1118208K, used 425770K [0x0000000600000000, 0x0000000800000000)
  region size 4096K, 2 young (8192K), 2 survivors (8192K)
 Metaspace       used 149277K, committed 152000K, reserved 1179648K
  class space    used 19969K, committed 21248K, reserved 1048576K
}
Event: 417.046 GC heap before
{Heap before GC invocations=88 (full 0):
 garbage-first heap   total 1118208K, used 569130K [0x0000000600000000, 0x0000000800000000)
  region size 4096K, 37 young (151552K), 2 survivors (8192K)
 Metaspace       used 149388K, committed 152064K, reserved 1179648K
  class space    used 19978K, committed 21248K, reserved 1048576K
}
Event: 417.132 GC heap after
{Heap after GC invocations=89 (full 0):
 garbage-first heap   total 1118208K, used 460886K [0x0000000600000000, 0x0000000800000000)
  region size 4096K, 5 young (20480K), 5 survivors (20480K)
 Metaspace       used 149388K, committed 152064K, reserved 1179648K
  class space    used 19978K, committed 21248K, reserved 1048576K
}
Event: 422.924 GC heap before
{Heap before GC invocations=89 (full 0):
 garbage-first heap   total 1118208K, used 550998K [0x0000000600000000, 0x0000000800000000)
  region size 4096K, 28 young (114688K), 5 survivors (20480K)
 Metaspace       used 149427K, committed 152128K, reserved 1179648K
  class space    used 19981K, committed 21248K, reserved 1048576K
}
Event: 423.033 GC heap after
{Heap after GC invocations=90 (full 0):
 garbage-first heap   total 1118208K, used 483328K [0x0000000600000000, 0x0000000800000000)
  region size 4096K, 4 young (16384K), 4 survivors (16384K)
 Metaspace       used 149427K, committed 152128K, reserved 1179648K
  class space    used 19981K, committed 21248K, reserved 1048576K
}
Event: 431.302 GC heap before
{Heap before GC invocations=91 (full 0):
 garbage-first heap   total 1118208K, used 593920K [0x0000000600000000, 0x0000000800000000)
  region size 4096K, 31 young (126976K), 4 survivors (16384K)
 Metaspace       used 150634K, committed 153408K, reserved 1245184K
  class space    used 20134K, committed 21440K, reserved 1048576K
}
Event: 431.427 GC heap after
{Heap after GC invocations=92 (full 0):
 garbage-first heap   total 1118208K, used 509050K [0x0000000600000000, 0x0000000800000000)
  region size 4096K, 4 young (16384K), 4 survivors (16384K)
 Metaspace       used 150634K, committed 153408K, reserved 1245184K
  class space    used 20134K, committed 21440K, reserved 1048576K
}
Event: 436.548 GC heap before
{Heap before GC invocations=92 (full 0):
 garbage-first heap   total 1118208K, used 550010K [0x0000000600000000, 0x0000000800000000)
  region size 4096K, 13 young (53248K), 4 survivors (16384K)
 Metaspace       used 152493K, committed 155200K, reserved 1245184K
  class space    used 20353K, committed 21632K, reserved 1048576K
}

