# JRE version: OpenJDK Runtime Environment (21.0.6) (build 21.0.6+-13391695-b895.109)
# Java VM: OpenJDK 64-Bit Server VM (21.0.6+-13391695-b895.109, mixed mode, tiered, compressed oops, compressed class ptrs, g1 gc, windows-amd64)
GC Precious Log:
 CardTable entry size: 512
 Card Set container configuration: InlinePtr #cards 4 size 8 Array Of Cards #cards 16 size 48 Howl #buckets 8 coarsen threshold 3686 Howl Bitmap #cards 512 size 80 coarsen threshold 460 Card regions per heap region 1 cards per card region 4096
 CPUs: 8 total, 8 available
 Memory: 12199M
 Large Page Support: Disabled
 NUMA Support: Disabled
 Compressed Oops: Enabled (Zero based)
 Heap Region Size: 2M
 Heap Min Capacity: 8M
 Heap Initial Capacity: 192M
 Heap Max Capacity: 4G
 Pre-touch: Disabled
 Parallel Workers: 8
 Concurrent Workers: 2
 Concurrent Refinement Workers: 8
 Periodic GC: Disabled
Heap:
 garbage-first heap   total 489472K, used 320135K [0x0000000080000000, 0x0000000180000000)
  region size 2048K, 39 young (79872K), 8 survivors (16384K)
 Metaspace       used 198941K, committed 202112K, reserved 1245184K
  class space    used 25739K, committed 27264K, reserved 1048576K
GC Heap History (20 events):
Event: 147.900 GC heap before
{Heap before GC invocations=54 (full 0):
 garbage-first heap   total 315392K, used 278793K [0x0000000080000000, 0x0000000180000000)
  region size 2048K, 50 young (102400K), 7 survivors (14336K)
 Metaspace       used 185578K, committed 188416K, reserved 1245184K
  class space    used 23942K, committed 25344K, reserved 1048576K
}
Event: 148.026 GC heap after
{Heap after GC invocations=55 (full 0):
 garbage-first heap   total 315392K, used 199235K [0x0000000080000000, 0x0000000180000000)
  region size 2048K, 5 young (10240K), 5 survivors (10240K)
 Metaspace       used 185578K, committed 188416K, reserved 1245184K
  class space    used 23942K, committed 25344K, reserved 1048576K
}
Event: 149.244 GC heap before
{Heap before GC invocations=55 (full 0):
 garbage-first heap   total 315392K, used 283203K [0x0000000080000000, 0x0000000180000000)
  region size 2048K, 47 young (96256K), 5 survivors (10240K)
 Metaspace       used 185589K, committed 188416K, reserved 1245184K
  class space    used 23942K, committed 25344K, reserved 1048576K
}
Event: 149.277 GC heap after
{Heap after GC invocations=56 (full 0):
 garbage-first heap   total 315392K, used 204239K [0x0000000080000000, 0x0000000180000000)
  region size 2048K, 3 young (6144K), 3 survivors (6144K)
 Metaspace       used 185589K, committed 188416K, reserved 1245184K
  class space    used 23942K, committed 25344K, reserved 1048576K
}
Event: 152.867 GC heap before
{Heap before GC invocations=57 (full 0):
 garbage-first heap   total 342016K, used 288207K [0x0000000080000000, 0x0000000180000000)
  region size 2048K, 45 young (92160K), 3 survivors (6144K)
 Metaspace       used 187744K, committed 190656K, reserved 1245184K
  class space    used 24314K, committed 25792K, reserved 1048576K
}
Event: 152.891 GC heap after
{Heap after GC invocations=58 (full 0):
 garbage-first heap   total 342016K, used 216616K [0x0000000080000000, 0x0000000180000000)
  region size 2048K, 6 young (12288K), 6 survivors (12288K)
 Metaspace       used 187744K, committed 190656K, reserved 1245184K
  class space    used 24314K, committed 25792K, reserved 1048576K
}
Event: 155.412 GC heap before
{Heap before GC invocations=58 (full 0):
 garbage-first heap   total 342016K, used 310824K [0x0000000080000000, 0x0000000180000000)
  region size 2048K, 52 young (106496K), 6 survivors (12288K)
 Metaspace       used 188566K, committed 191488K, reserved 1245184K
  class space    used 24404K, committed 25856K, reserved 1048576K
}
Event: 155.467 GC heap after
{Heap after GC invocations=59 (full 0):
 garbage-first heap   total 352256K, used 210088K [0x0000000080000000, 0x0000000180000000)
  region size 2048K, 7 young (14336K), 7 survivors (14336K)
 Metaspace       used 188566K, committed 191488K, reserved 1245184K
  class space    used 24404K, committed 25856K, reserved 1048576K
}
Event: 156.344 GC heap before
{Heap before GC invocations=59 (full 0):
 garbage-first heap   total 352256K, used 312488K [0x0000000080000000, 0x0000000180000000)
  region size 2048K, 58 young (118784K), 7 survivors (14336K)
 Metaspace       used 188695K, committed 191680K, reserved 1245184K
  class space    used 24417K, committed 25920K, reserved 1048576K
}
Event: 156.382 GC heap after
{Heap after GC invocations=60 (full 0):
 garbage-first heap   total 352256K, used 217430K [0x0000000080000000, 0x0000000180000000)
  region size 2048K, 4 young (8192K), 4 survivors (8192K)
 Metaspace       used 188695K, committed 191680K, reserved 1245184K
  class space    used 24417K, committed 25920K, reserved 1048576K
}
Event: 158.076 GC heap before
{Heap before GC invocations=61 (full 0):
 garbage-first heap   total 366592K, used 315734K [0x0000000080000000, 0x0000000180000000)
  region size 2048K, 53 young (108544K), 4 survivors (8192K)
 Metaspace       used 188798K, committed 191808K, reserved 1245184K
  class space    used 24427K, committed 25920K, reserved 1048576K
}
Event: 158.094 GC heap after
{Heap after GC invocations=62 (full 0):
 garbage-first heap   total 366592K, used 225928K [0x0000000080000000, 0x0000000180000000)
  region size 2048K, 7 young (14336K), 7 survivors (14336K)
 Metaspace       used 188798K, committed 191808K, reserved 1245184K
  class space    used 24427K, committed 25920K, reserved 1048576K
}
Event: 159.836 GC heap before
{Heap before GC invocations=62 (full 0):
 garbage-first heap   total 366592K, used 328328K [0x0000000080000000, 0x0000000180000000)
  region size 2048K, 58 young (118784K), 7 survivors (14336K)
 Metaspace       used 189039K, committed 192128K, reserved 1245184K
  class space    used 24467K, committed 25984K, reserved 1048576K
}
Event: 159.879 GC heap after
{Heap after GC invocations=63 (full 0):
 garbage-first heap   total 366592K, used 232688K [0x0000000080000000, 0x0000000180000000)
  region size 2048K, 6 young (12288K), 6 survivors (12288K)
 Metaspace       used 189039K, committed 192128K, reserved 1245184K
  class space    used 24467K, committed 25984K, reserved 1048576K
}
Event: 161.267 GC heap before
{Heap before GC invocations=63 (full 0):
 garbage-first heap   total 366592K, used 330992K [0x0000000080000000, 0x0000000180000000)
  region size 2048K, 55 young (112640K), 6 survivors (12288K)
 Metaspace       used 189468K, committed 192576K, reserved 1245184K
  class space    used 24519K, committed 26048K, reserved 1048576K
}
Event: 161.296 GC heap after
{Heap after GC invocations=64 (full 0):
 garbage-first heap   total 366592K, used 241916K [0x0000000080000000, 0x0000000180000000)
  region size 2048K, 6 young (12288K), 6 survivors (12288K)
 Metaspace       used 189468K, committed 192576K, reserved 1245184K
  class space    used 24519K, committed 26048K, reserved 1048576K
}
Event: 163.000 GC heap before
{Heap before GC invocations=65 (full 0):
 garbage-first heap   total 407552K, used 327932K [0x0000000080000000, 0x0000000180000000)
  region size 2048K, 49 young (100352K), 6 survivors (12288K)
 Metaspace       used 190286K, committed 193408K, reserved 1245184K
  class space    used 24625K, committed 26112K, reserved 1048576K
}
Event: 163.031 GC heap after
{Heap after GC invocations=66 (full 0):
 garbage-first heap   total 407552K, used 250854K [0x0000000080000000, 0x0000000180000000)
  region size 2048K, 6 young (12288K), 6 survivors (12288K)
 Metaspace       used 190286K, committed 193408K, reserved 1245184K
  class space    used 24625K, committed 26112K, reserved 1048576K
}
Event: 168.381 GC heap before
{Heap before GC invocations=66 (full 0):
 garbage-first heap   total 407552K, used 367590K [0x0000000080000000, 0x0000000180000000)
  region size 2048K, 64 young (131072K), 6 survivors (12288K)
 Metaspace       used 197437K, committed 200576K, reserved 1245184K
  class space    used 25560K, committed 27072K, reserved 1048576K
}
Event: 168.428 GC heap after
{Heap after GC invocations=67 (full 0):
 garbage-first heap   total 489472K, used 260743K [0x0000000080000000, 0x0000000180000000)
  region size 2048K, 8 young (16384K), 8 survivors (16384K)
 Metaspace       used 197437K, committed 200576K, reserved 1245184K
  class space    used 25560K, committed 27072K, reserved 1048576K
}

