# JRE version: OpenJDK Runtime Environment (21.0.6) (build 21.0.6+-13391695-b895.109)
# Java VM: OpenJDK 64-Bit Server VM (21.0.6+-13391695-b895.109, mixed mode, tiered, compressed oops, compressed class ptrs, g1 gc, windows-amd64)
GC Precious Log:
 CardTable entry size: 512
 Card Set container configuration: InlinePtr #cards 4 size 8 Array Of Cards #cards 32 size 80 Howl #buckets 8 coarsen threshold 7372 Howl Bitmap #cards 1024 size 144 coarsen threshold 921 Card regions per heap region 1 cards per card region 8192
 CPUs: 8 total, 8 available
 Memory: 12199M
 Large Page Support: Disabled
 NUMA Support: Disabled
 Compressed Oops: Enabled (Zero based)
 Heap Region Size: 4M
 Heap Min Capacity: 8M
 Heap Initial Capacity: 192M
 Heap Max Capacity: 6G
 Pre-touch: Disabled
 Parallel Workers: 8
 Concurrent Workers: 2
 Concurrent Refinement Workers: 8
 Periodic GC: Disabled
Heap:
 garbage-first heap   total 786432K, used 488462K [0x0000000080000000, 0x0000000200000000)
  region size 4096K, 3 young (12288K), 3 survivors (12288K)
 Metaspace       used 187556K, committed 190720K, reserved 1245184K
  class space    used 24948K, committed 26496K, reserved 1048576K
GC Heap History (20 events):
Event: 142.246 GC heap after
{Heap after GC invocations=68 (full 0):
 garbage-first heap   total 675840K, used 348430K [0x0000000080000000, 0x0000000200000000)
  region size 4096K, 6 young (24576K), 6 survivors (24576K)
 Metaspace       used 157616K, committed 160768K, reserved 1245184K
  class space    used 20856K, committed 22400K, reserved 1048576K
}
Event: 148.706 GC heap before
{Heap before GC invocations=68 (full 0):
 garbage-first heap   total 675840K, used 610574K [0x0000000080000000, 0x0000000200000000)
  region size 4096K, 70 young (286720K), 6 survivors (24576K)
 Metaspace       used 159671K, committed 162752K, reserved 1245184K
  class space    used 21078K, committed 22592K, reserved 1048576K
}
Event: 148.802 GC heap after
{Heap after GC invocations=69 (full 0):
 garbage-first heap   total 679936K, used 391051K [0x0000000080000000, 0x0000000200000000)
  region size 4096K, 9 young (36864K), 9 survivors (36864K)
 Metaspace       used 159671K, committed 162752K, reserved 1245184K
  class space    used 21078K, committed 22592K, reserved 1048576K
}
Event: 155.586 GC heap before
{Heap before GC invocations=69 (full 0):
 garbage-first heap   total 679936K, used 591755K [0x0000000080000000, 0x0000000200000000)
  region size 4096K, 59 young (241664K), 9 survivors (36864K)
 Metaspace       used 162349K, committed 165504K, reserved 1245184K
  class space    used 21427K, committed 22976K, reserved 1048576K
}
Event: 155.690 GC heap after
{Heap after GC invocations=70 (full 0):
 garbage-first heap   total 679936K, used 420311K [0x0000000080000000, 0x0000000200000000)
  region size 4096K, 7 young (28672K), 7 survivors (28672K)
 Metaspace       used 162349K, committed 165504K, reserved 1245184K
  class space    used 21427K, committed 22976K, reserved 1048576K
}
Event: 158.194 GC heap before
{Heap before GC invocations=70 (full 0):
 garbage-first heap   total 679936K, used 600535K [0x0000000080000000, 0x0000000200000000)
  region size 4096K, 52 young (212992K), 7 survivors (28672K)
 Metaspace       used 162597K, committed 165760K, reserved 1245184K
  class space    used 21437K, committed 22976K, reserved 1048576K
}
Event: 158.246 GC heap after
{Heap after GC invocations=71 (full 0):
 garbage-first heap   total 679936K, used 430501K [0x0000000080000000, 0x0000000200000000)
  region size 4096K, 4 young (16384K), 4 survivors (16384K)
 Metaspace       used 162597K, committed 165760K, reserved 1245184K
  class space    used 21437K, committed 22976K, reserved 1048576K
}
Event: 162.133 GC heap before
{Heap before GC invocations=72 (full 0):
 garbage-first heap   total 724992K, used 614821K [0x0000000080000000, 0x0000000200000000)
  region size 4096K, 50 young (204800K), 4 survivors (16384K)
 Metaspace       used 165206K, committed 168384K, reserved 1245184K
  class space    used 21787K, committed 23360K, reserved 1048576K
}
Event: 162.171 GC heap after
{Heap after GC invocations=73 (full 0):
 garbage-first heap   total 724992K, used 441114K [0x0000000080000000, 0x0000000200000000)
  region size 4096K, 6 young (24576K), 6 survivors (24576K)
 Metaspace       used 165206K, committed 168384K, reserved 1245184K
  class space    used 21787K, committed 23360K, reserved 1048576K
}
Event: 164.839 GC heap before
{Heap before GC invocations=73 (full 0):
 garbage-first heap   total 724992K, used 654106K [0x0000000080000000, 0x0000000200000000)
  region size 4096K, 59 young (241664K), 6 survivors (24576K)
 Metaspace       used 169265K, committed 172416K, reserved 1245184K
  class space    used 22392K, committed 23936K, reserved 1048576K
}
Event: 164.904 GC heap after
{Heap after GC invocations=74 (full 0):
 garbage-first heap   total 724992K, used 409600K [0x0000000080000000, 0x0000000200000000)
  region size 4096K, 8 young (32768K), 8 survivors (32768K)
 Metaspace       used 169265K, committed 172416K, reserved 1245184K
  class space    used 22392K, committed 23936K, reserved 1048576K
}
Event: 167.162 GC heap before
{Heap before GC invocations=74 (full 0):
 garbage-first heap   total 724992K, used 647168K [0x0000000080000000, 0x0000000200000000)
  region size 4096K, 67 young (274432K), 8 survivors (32768K)
 Metaspace       used 176375K, committed 179520K, reserved 1245184K
  class space    used 23401K, committed 24960K, reserved 1048576K
}
Event: 167.326 GC heap after
{Heap after GC invocations=75 (full 0):
 garbage-first heap   total 745472K, used 427830K [0x0000000080000000, 0x0000000200000000)
  region size 4096K, 9 young (36864K), 9 survivors (36864K)
 Metaspace       used 176375K, committed 179520K, reserved 1245184K
  class space    used 23401K, committed 24960K, reserved 1048576K
}
Event: 167.763 GC heap before
{Heap before GC invocations=75 (full 0):
 garbage-first heap   total 745472K, used 497462K [0x0000000080000000, 0x0000000200000000)
  region size 4096K, 27 young (110592K), 9 survivors (36864K)
 Metaspace       used 177482K, committed 180672K, reserved 1245184K
  class space    used 23574K, committed 25152K, reserved 1048576K
}
Event: 167.875 GC heap after
{Heap after GC invocations=76 (full 0):
 garbage-first heap   total 745472K, used 448136K [0x0000000080000000, 0x0000000200000000)
  region size 4096K, 5 young (20480K), 5 survivors (20480K)
 Metaspace       used 177482K, committed 180672K, reserved 1245184K
  class space    used 23574K, committed 25152K, reserved 1048576K
}
Event: 171.149 GC heap before
{Heap before GC invocations=77 (full 0):
 garbage-first heap   total 786432K, used 681608K [0x0000000080000000, 0x0000000200000000)
  region size 4096K, 58 young (237568K), 5 survivors (20480K)
 Metaspace       used 181220K, committed 184384K, reserved 1245184K
  class space    used 24130K, committed 25728K, reserved 1048576K
}
Event: 171.248 GC heap after
{Heap after GC invocations=78 (full 0):
 garbage-first heap   total 786432K, used 486089K [0x0000000080000000, 0x0000000200000000)
  region size 4096K, 8 young (32768K), 8 survivors (32768K)
 Metaspace       used 181220K, committed 184384K, reserved 1245184K
  class space    used 24130K, committed 25728K, reserved 1048576K
}
Event: 175.664 GC heap before
{Heap before GC invocations=78 (full 0):
 garbage-first heap   total 786432K, used 703177K [0x0000000080000000, 0x0000000200000000)
  region size 4096K, 61 young (249856K), 8 survivors (32768K)
 Metaspace       used 184865K, committed 188096K, reserved 1245184K
  class space    used 24533K, committed 26112K, reserved 1048576K
}
Event: 175.806 GC heap after
{Heap after GC invocations=79 (full 0):
 garbage-first heap   total 786432K, used 487758K [0x0000000080000000, 0x0000000200000000)
  region size 4096K, 3 young (12288K), 3 survivors (12288K)
 Metaspace       used 184865K, committed 188096K, reserved 1245184K
  class space    used 24533K, committed 26112K, reserved 1048576K
}
Event: 177.909 GC heap before
{Heap before GC invocations=79 (full 0):
 garbage-first heap   total 786432K, used 708942K [0x0000000080000000, 0x0000000200000000)
  region size 4096K, 57 young (233472K), 3 survivors (12288K)
 Metaspace       used 187556K, committed 190720K, reserved 1245184K
  class space    used 24948K, committed 26496K, reserved 1048576K
}

