# JRE version: OpenJDK Runtime Environment (21.0.6) (build 21.0.6+-13391695-b895.109)
# Java VM: OpenJDK 64-Bit Server VM (21.0.6+-13391695-b895.109, mixed mode, tiered, compressed oops, compressed class ptrs, g1 gc, windows-amd64)
GC Precious Log:
 CardTable entry size: 512
 Card Set container configuration: InlinePtr #cards 4 size 8 Array Of Cards #cards 32 size 80 Howl #buckets 8 coarsen threshold 7372 Howl Bitmap #cards 1024 size 144 coarsen threshold 921 Card regions per heap region 1 cards per card region 8192
 CPUs: 8 total, 8 available
 Memory: 12199M
 Large Page Support: Disabled
 NUMA Support: Disabled
 Compressed Oops: Enabled (Zero based)
 Heap Region Size: 4M
 Heap Min Capacity: 8M
 Heap Initial Capacity: 192M
 Heap Max Capacity: 8G
 Pre-touch: Disabled
 Parallel Workers: 8
 Concurrent Workers: 2
 Concurrent Refinement Workers: 8
 Periodic GC: Disabled
Heap:
 garbage-first heap   total 794624K, used 487252K [0x0000000600000000, 0x0000000800000000)
  region size 4096K, 8 young (32768K), 8 survivors (32768K)
 Metaspace       used 211110K, committed 214592K, reserved 1245184K
  class space    used 27197K, committed 28928K, reserved 1048576K
GC Heap History (20 events):
Event: 364.140 GC heap after
{Heap after GC invocations=77 (full 0):
 garbage-first heap   total 712704K, used 418073K [0x0000000600000000, 0x0000000800000000)
  region size 4096K, 6 young (24576K), 6 survivors (24576K)
 Metaspace       used 165834K, committed 169024K, reserved 1245184K
  class space    used 21885K, committed 23424K, reserved 1048576K
}
Event: 371.517 GC heap before
{Heap before GC invocations=77 (full 0):
 garbage-first heap   total 712704K, used 577817K [0x0000000600000000, 0x0000000800000000)
  region size 4096K, 46 young (188416K), 6 survivors (24576K)
 Metaspace       used 170975K, committed 174144K, reserved 1245184K
  class space    used 22356K, committed 23936K, reserved 1048576K
}
Event: 371.568 GC heap after
{Heap after GC invocations=78 (full 0):
 garbage-first heap   total 712704K, used 427225K [0x0000000600000000, 0x0000000800000000)
  region size 4096K, 3 young (12288K), 3 survivors (12288K)
 Metaspace       used 170975K, committed 174144K, reserved 1245184K
  class space    used 22356K, committed 23936K, reserved 1048576K
}
Event: 377.277 GC heap before
{Heap before GC invocations=78 (full 0):
 garbage-first heap   total 712704K, used 636121K [0x0000000600000000, 0x0000000800000000)
  region size 4096K, 55 young (225280K), 3 survivors (12288K)
 Metaspace       used 174618K, committed 177920K, reserved 1245184K
  class space    used 22744K, committed 24384K, reserved 1048576K
}
Event: 377.317 GC heap after
{Heap after GC invocations=79 (full 0):
 garbage-first heap   total 712704K, used 430140K [0x0000000600000000, 0x0000000800000000)
  region size 4096K, 4 young (16384K), 4 survivors (16384K)
 Metaspace       used 174618K, committed 177920K, reserved 1245184K
  class space    used 22744K, committed 24384K, reserved 1048576K
}
Event: 384.933 GC heap before
{Heap before GC invocations=79 (full 0):
 garbage-first heap   total 712704K, used 647228K [0x0000000600000000, 0x0000000800000000)
  region size 4096K, 58 young (237568K), 4 survivors (16384K)
 Metaspace       used 185527K, committed 188800K, reserved 1245184K
  class space    used 24064K, committed 25664K, reserved 1048576K
}
Event: 385.084 GC heap after
{Heap after GC invocations=80 (full 0):
 garbage-first heap   total 712704K, used 450484K [0x0000000600000000, 0x0000000800000000)
  region size 4096K, 8 young (32768K), 8 survivors (32768K)
 Metaspace       used 185527K, committed 188800K, reserved 1245184K
  class space    used 24064K, committed 25664K, reserved 1048576K
}
Event: 392.328 GC heap before
{Heap before GC invocations=81 (full 0):
 garbage-first heap   total 753664K, used 634804K [0x0000000600000000, 0x0000000800000000)
  region size 4096K, 54 young (221184K), 8 survivors (32768K)
 Metaspace       used 186924K, committed 190208K, reserved 1245184K
  class space    used 24095K, committed 25728K, reserved 1048576K
}
Event: 392.377 GC heap after
{Heap after GC invocations=82 (full 0):
 garbage-first heap   total 753664K, used 453999K [0x0000000600000000, 0x0000000800000000)
  region size 4096K, 3 young (12288K), 3 survivors (12288K)
 Metaspace       used 186924K, committed 190208K, reserved 1245184K
  class space    used 24095K, committed 25728K, reserved 1048576K
}
Event: 397.891 GC heap before
{Heap before GC invocations=82 (full 0):
 garbage-first heap   total 753664K, used 691567K [0x0000000600000000, 0x0000000800000000)
  region size 4096K, 62 young (253952K), 3 survivors (12288K)
 Metaspace       used 187783K, committed 191104K, reserved 1245184K
  class space    used 24161K, committed 25792K, reserved 1048576K
}
Event: 397.959 GC heap after
{Heap after GC invocations=83 (full 0):
 garbage-first heap   total 753664K, used 403043K [0x0000000600000000, 0x0000000800000000)
  region size 4096K, 5 young (20480K), 5 survivors (20480K)
 Metaspace       used 187783K, committed 191104K, reserved 1245184K
  class space    used 24161K, committed 25792K, reserved 1048576K
}
Event: 405.494 GC heap before
{Heap before GC invocations=83 (full 0):
 garbage-first heap   total 753664K, used 685667K [0x0000000600000000, 0x0000000800000000)
  region size 4096K, 75 young (307200K), 5 survivors (20480K)
 Metaspace       used 188674K, committed 192000K, reserved 1245184K
  class space    used 24209K, committed 25856K, reserved 1048576K
}
Event: 405.722 GC heap after
{Heap after GC invocations=84 (full 0):
 garbage-first heap   total 753664K, used 407177K [0x0000000600000000, 0x0000000800000000)
  region size 4096K, 10 young (40960K), 10 survivors (40960K)
 Metaspace       used 188674K, committed 192000K, reserved 1245184K
  class space    used 24209K, committed 25856K, reserved 1048576K
}
Event: 413.065 GC heap before
{Heap before GC invocations=84 (full 0):
 garbage-first heap   total 753664K, used 669321K [0x0000000600000000, 0x0000000800000000)
  region size 4096K, 75 young (307200K), 10 survivors (40960K)
 Metaspace       used 190718K, committed 194176K, reserved 1245184K
  class space    used 24383K, committed 26048K, reserved 1048576K
}
Event: 413.157 GC heap after
{Heap after GC invocations=85 (full 0):
 garbage-first heap   total 753664K, used 402153K [0x0000000600000000, 0x0000000800000000)
  region size 4096K, 4 young (16384K), 4 survivors (16384K)
 Metaspace       used 190718K, committed 194176K, reserved 1245184K
  class space    used 24383K, committed 26048K, reserved 1048576K
}
Event: 418.666 GC heap before
{Heap before GC invocations=85 (full 0):
 garbage-first heap   total 753664K, used 676585K [0x0000000600000000, 0x0000000800000000)
  region size 4096K, 72 young (294912K), 4 survivors (16384K)
 Metaspace       used 196429K, committed 199872K, reserved 1245184K
  class space    used 25030K, committed 26688K, reserved 1048576K
}
Event: 418.706 GC heap after
{Heap after GC invocations=86 (full 0):
 garbage-first heap   total 753664K, used 416090K [0x0000000600000000, 0x0000000800000000)
  region size 4096K, 8 young (32768K), 8 survivors (32768K)
 Metaspace       used 196429K, committed 199872K, reserved 1245184K
  class space    used 25030K, committed 26688K, reserved 1048576K
}
Event: 424.849 GC heap before
{Heap before GC invocations=86 (full 0):
 garbage-first heap   total 753664K, used 670042K [0x0000000600000000, 0x0000000800000000)
  region size 4096K, 72 young (294912K), 8 survivors (32768K)
 Metaspace       used 206397K, committed 209792K, reserved 1245184K
  class space    used 26516K, committed 28160K, reserved 1048576K
}
Event: 424.995 GC heap after
{Heap after GC invocations=87 (full 0):
 garbage-first heap   total 753664K, used 451530K [0x0000000600000000, 0x0000000800000000)
  region size 4096K, 9 young (36864K), 9 survivors (36864K)
 Metaspace       used 206397K, committed 209792K, reserved 1245184K
  class space    used 26516K, committed 28160K, reserved 1048576K
}
Event: 434.033 GC heap before
{Heap before GC invocations=88 (full 0):
 garbage-first heap   total 794624K, used 685002K [0x0000000600000000, 0x0000000800000000)
  region size 4096K, 62 young (253952K), 9 survivors (36864K)
 Metaspace       used 211110K, committed 214592K, reserved 1245184K
  class space    used 27197K, committed 28928K, reserved 1048576K
}

