# JRE version: OpenJDK Runtime Environment (21.0.6) (build 21.0.6+-13391695-b895.109)
# Java VM: OpenJDK 64-Bit Server VM (21.0.6+-13391695-b895.109, mixed mode, tiered, compressed oops, compressed class ptrs, g1 gc, windows-amd64)
GC Precious Log:
 CardTable entry size: 512
 Card Set container configuration: InlinePtr #cards 4 size 8 Array Of Cards #cards 32 size 80 Howl #buckets 8 coarsen threshold 7372 Howl Bitmap #cards 1024 size 144 coarsen threshold 921 Card regions per heap region 1 cards per card region 8192
 CPUs: 8 total, 8 available
 Memory: 12199M
 Large Page Support: Disabled
 NUMA Support: Disabled
 Compressed Oops: Enabled (Zero based)
 Heap Region Size: 4M
 Heap Min Capacity: 8M
 Heap Initial Capacity: 192M
 Heap Max Capacity: 6G
 Pre-touch: Disabled
 Parallel Workers: 8
 Concurrent Workers: 2
 Concurrent Refinement Workers: 8
 Periodic GC: Disabled
Heap:
 garbage-first heap   total 671744K, used 430278K [0x0000000080000000, 0x0000000200000000)
  region size 4096K, 4 young (16384K), 4 survivors (16384K)
 Metaspace       used 190813K, committed 193728K, reserved 1245184K
  class space    used 24884K, committed 26304K, reserved 1048576K
GC Heap History (20 events):
Event: 215.633 GC heap after
{Heap after GC invocations=65 (full 0):
 garbage-first heap   total 491520K, used 298152K [0x0000000080000000, 0x0000000200000000)
  region size 4096K, 5 young (20480K), 5 survivors (20480K)
 Metaspace       used 168314K, committed 171136K, reserved 1245184K
  class space    used 21638K, committed 22976K, reserved 1048576K
}
Event: 217.105 GC heap before
{Heap before GC invocations=65 (full 0):
 garbage-first heap   total 491520K, used 437416K [0x0000000080000000, 0x0000000200000000)
  region size 4096K, 40 young (163840K), 5 survivors (20480K)
 Metaspace       used 170595K, committed 173504K, reserved 1245184K
  class space    used 21961K, committed 23360K, reserved 1048576K
}
Event: 217.141 GC heap after
{Heap after GC invocations=66 (full 0):
 garbage-first heap   total 491520K, used 307562K [0x0000000080000000, 0x0000000200000000)
  region size 4096K, 5 young (20480K), 5 survivors (20480K)
 Metaspace       used 170595K, committed 173504K, reserved 1245184K
  class space    used 21961K, committed 23360K, reserved 1048576K
}
Event: 218.544 GC heap before
{Heap before GC invocations=66 (full 0):
 garbage-first heap   total 491520K, used 438634K [0x0000000080000000, 0x0000000200000000)
  region size 4096K, 38 young (155648K), 5 survivors (20480K)
 Metaspace       used 174455K, committed 177408K, reserved 1245184K
  class space    used 22540K, committed 23936K, reserved 1048576K
}
Event: 218.599 GC heap after
{Heap after GC invocations=67 (full 0):
 garbage-first heap   total 491520K, used 329719K [0x0000000080000000, 0x0000000200000000)
  region size 4096K, 5 young (20480K), 5 survivors (20480K)
 Metaspace       used 174455K, committed 177408K, reserved 1245184K
  class space    used 22540K, committed 23936K, reserved 1048576K
}
Event: 221.342 GC heap before
{Heap before GC invocations=68 (full 0):
 garbage-first heap   total 552960K, used 432119K [0x0000000080000000, 0x0000000200000000)
  region size 4096K, 31 young (126976K), 5 survivors (20480K)
 Metaspace       used 178961K, committed 181888K, reserved 1245184K
  class space    used 23254K, committed 24704K, reserved 1048576K
}
Event: 221.397 GC heap after
{Heap after GC invocations=69 (full 0):
 garbage-first heap   total 552960K, used 344064K [0x0000000080000000, 0x0000000200000000)
  region size 4096K, 4 young (16384K), 4 survivors (16384K)
 Metaspace       used 178961K, committed 181888K, reserved 1245184K
  class space    used 23254K, committed 24704K, reserved 1048576K
}
Event: 224.308 GC heap before
{Heap before GC invocations=69 (full 0):
 garbage-first heap   total 552960K, used 499712K [0x0000000080000000, 0x0000000200000000)
  region size 4096K, 37 young (151552K), 4 survivors (16384K)
 Metaspace       used 184714K, committed 187648K, reserved 1245184K
  class space    used 24040K, committed 25472K, reserved 1048576K
}
Event: 224.387 GC heap after
{Heap after GC invocations=70 (full 0):
 garbage-first heap   total 663552K, used 359221K [0x0000000080000000, 0x0000000200000000)
  region size 4096K, 3 young (12288K), 3 survivors (12288K)
 Metaspace       used 184714K, committed 187648K, reserved 1245184K
  class space    used 24040K, committed 25472K, reserved 1048576K
}
Event: 227.456 GC heap before
{Heap before GC invocations=70 (full 0):
 garbage-first heap   total 663552K, used 555829K [0x0000000080000000, 0x0000000200000000)
  region size 4096K, 51 young (208896K), 3 survivors (12288K)
 Metaspace       used 185632K, committed 188480K, reserved 1245184K
  class space    used 24132K, committed 25536K, reserved 1048576K
}
Event: 227.487 GC heap after
{Heap after GC invocations=71 (full 0):
 garbage-first heap   total 663552K, used 365173K [0x0000000080000000, 0x0000000200000000)
  region size 4096K, 5 young (20480K), 5 survivors (20480K)
 Metaspace       used 185632K, committed 188480K, reserved 1245184K
  class space    used 24132K, committed 25536K, reserved 1048576K
}
Event: 229.686 GC heap before
{Heap before GC invocations=71 (full 0):
 garbage-first heap   total 663552K, used 578165K [0x0000000080000000, 0x0000000200000000)
  region size 4096K, 57 young (233472K), 5 survivors (20480K)
 Metaspace       used 188060K, committed 190976K, reserved 1245184K
  class space    used 24498K, committed 25920K, reserved 1048576K
}
Event: 229.729 GC heap after
{Heap after GC invocations=72 (full 0):
 garbage-first heap   total 663552K, used 370469K [0x0000000080000000, 0x0000000200000000)
  region size 4096K, 6 young (24576K), 6 survivors (24576K)
 Metaspace       used 188060K, committed 190976K, reserved 1245184K
  class space    used 24498K, committed 25920K, reserved 1048576K
}
Event: 231.422 GC heap before
{Heap before GC invocations=72 (full 0):
 garbage-first heap   total 663552K, used 587557K [0x0000000080000000, 0x0000000200000000)
  region size 4096K, 61 young (249856K), 6 survivors (24576K)
 Metaspace       used 188602K, committed 191552K, reserved 1245184K
  class space    used 24538K, committed 25984K, reserved 1048576K
}
Event: 231.519 GC heap after
{Heap after GC invocations=73 (full 0):
 garbage-first heap   total 663552K, used 398442K [0x0000000080000000, 0x0000000200000000)
  region size 4096K, 8 young (32768K), 8 survivors (32768K)
 Metaspace       used 188602K, committed 191552K, reserved 1245184K
  class space    used 24538K, committed 25984K, reserved 1048576K
}
Event: 234.197 GC heap before
{Heap before GC invocations=74 (full 0):
 garbage-first heap   total 671744K, used 582762K [0x0000000080000000, 0x0000000200000000)
  region size 4096K, 54 young (221184K), 8 survivors (32768K)
 Metaspace       used 189678K, committed 192640K, reserved 1245184K
  class space    used 24719K, committed 26176K, reserved 1048576K
}
Event: 234.256 GC heap after
{Heap after GC invocations=75 (full 0):
 garbage-first heap   total 671744K, used 422261K [0x0000000080000000, 0x0000000200000000)
  region size 4096K, 6 young (24576K), 6 survivors (24576K)
 Metaspace       used 189678K, committed 192640K, reserved 1245184K
  class space    used 24719K, committed 26176K, reserved 1048576K
}
Event: 235.218 GC heap before
{Heap before GC invocations=75 (full 0):
 garbage-first heap   total 671744K, used 602485K [0x0000000080000000, 0x0000000200000000)
  region size 4096K, 50 young (204800K), 6 survivors (24576K)
 Metaspace       used 190590K, committed 193536K, reserved 1245184K
  class space    used 24848K, committed 26304K, reserved 1048576K
}
Event: 235.251 GC heap after
{Heap after GC invocations=76 (full 0):
 garbage-first heap   total 671744K, used 426191K [0x0000000080000000, 0x0000000200000000)
  region size 4096K, 3 young (12288K), 3 survivors (12288K)
 Metaspace       used 190590K, committed 193536K, reserved 1245184K
  class space    used 24848K, committed 26304K, reserved 1048576K
}
Event: 235.785 GC heap before
{Heap before GC invocations=76 (full 0):
 garbage-first heap   total 671744K, used 606415K [0x0000000080000000, 0x0000000200000000)
  region size 4096K, 48 young (196608K), 3 survivors (12288K)
 Metaspace       used 190813K, committed 193728K, reserved 1245184K
  class space    used 24884K, committed 26304K, reserved 1048576K
}

